2022-07-26 22:10:00,818 - INFO - __init__ - loading model from C:\Purchasing capabilty\Notebook\saved_models\cluster_models.pkl
2022-07-26 22:10:01,747 - INFO - __init__ - Cluster model loaded
2022-07-26 22:26:30,942 - INFO - __init__ - loading model from C:\Purchasing capabilty\Notebook\saved_models\cluster_models.pkl
2022-07-26 22:26:31,105 - INFO - __init__ - Cluster model loaded
2022-07-26 22:26:33,028 - INFO - __init__ - loading model from C:\Purchasing capabilty\Notebook\saved_models\cluster_models.pkl
2022-07-26 22:26:33,175 - INFO - __init__ - Cluster model loaded
2022-07-26 22:30:36,283 - INFO - __init__ - loading model from C:\Purchasing capabilty\Notebook\saved_models\cluster_models.pkl
2022-07-26 22:30:36,464 - INFO - __init__ - Cluster model loaded
2022-07-26 22:30:38,672 - INFO - __init__ - loading model from C:\Purchasing capabilty\Notebook\saved_models\cluster_models.pkl
2022-07-26 22:30:38,855 - INFO - __init__ - Cluster model loaded
2022-07-27 01:50:43,201 - INFO - __init__ - loading model from C:\Purchasing capabilty\Notebook\saved_models\cluster_models.pkl
2022-07-27 01:50:43,416 - INFO - __init__ - Cluster model loaded
2022-07-27 01:50:45,704 - INFO - __init__ - loading model from C:\Purchasing capabilty\Notebook\saved_models\cluster_models.pkl
2022-07-27 01:50:45,906 - INFO - __init__ - Cluster model loaded
2022-07-27 01:59:45,085 - INFO - __init__ - loading model from C:\Purchasing capabilty\Notebook\saved_models\cluster_models.pkl
2022-07-27 01:59:45,420 - INFO - __init__ - Cluster model loaded
2022-07-27 01:59:47,991 - INFO - __init__ - loading model from C:\Purchasing capabilty\Notebook\saved_models\cluster_models.pkl
2022-07-27 01:59:48,176 - INFO - __init__ - Cluster model loaded
2022-07-27 02:07:59,683 - INFO - __init__ - loading model from C:\Purchasing capabilty\Notebook\saved_models\cluster_models.pkl
2022-07-27 02:07:59,903 - INFO - __init__ - Cluster model loaded
2022-07-27 02:08:21,889 - INFO - __init__ - loading model from C:\Purchasing capabilty\Notebook\saved_models\cluster_models.pkl
2022-07-27 02:08:22,066 - INFO - __init__ - Cluster model loaded
2022-07-27 02:08:24,489 - INFO - __init__ - loading model from C:\Purchasing capabilty\Notebook\saved_models\cluster_models.pkl
2022-07-27 02:08:24,679 - INFO - __init__ - Cluster model loaded
2022-07-27 02:08:43,176 - INFO - __init__ - loading model from C:\Purchasing capabilty\Notebook\saved_models\cluster_models.pkl
2022-07-27 02:08:43,334 - INFO - __init__ - Cluster model loaded
2022-07-27 02:08:45,532 - INFO - __init__ - loading model from C:\Purchasing capabilty\Notebook\saved_models\cluster_models.pkl
2022-07-27 02:08:45,709 - INFO - __init__ - Cluster model loaded
2022-07-27 02:10:03,538 - INFO - cluster_predict - Predicting cluster for data
2022-07-27 02:10:03,688 - INFO - cluster_predict - Predicted cluster is [0]
2022-07-28 22:47:54,389 - INFO - __init__ - loading model from C:\Purchasing capabilty\Notebook\saved_models\cluster_models.pkl
2022-07-28 22:47:55,310 - INFO - __init__ - Cluster model loaded
2022-07-28 22:47:57,866 - INFO - __init__ - loading model from C:\Purchasing capabilty\Notebook\saved_models\cluster_models.pkl
2022-07-28 22:47:58,036 - INFO - __init__ - Cluster model loaded
2022-07-28 22:49:18,331 - INFO - cluster_predict - Predicting cluster for data
2022-07-28 22:49:18,498 - INFO - cluster_predict - Predicted cluster is [2]
2022-07-28 22:59:09,073 - INFO - __init__ - loading model from C:\Purchasing capabilty\Notebook\saved_models\cluster_models.pkl
2022-07-28 22:59:09,230 - INFO - __init__ - Cluster model loaded
2022-07-28 22:59:11,390 - INFO - __init__ - loading model from C:\Purchasing capabilty\Notebook\saved_models\cluster_models.pkl
2022-07-28 22:59:11,549 - INFO - __init__ - Cluster model loaded
2022-07-28 23:00:19,433 - INFO - cluster_predict - Predicting cluster for data
2022-07-28 23:00:19,569 - INFO - cluster_predict - Predicted cluster is [0]
2022-07-28 23:32:59,452 - INFO - __init__ - loading model from C:\Purchasing capabilty\Notebook\saved_models\cluster_models.pkl
2022-07-28 23:32:59,834 - INFO - __init__ - Cluster model loaded
2022-07-28 23:33:04,765 - INFO - __init__ - loading model from C:\Purchasing capabilty\Notebook\saved_models\cluster_models.pkl
2022-07-28 23:33:05,303 - INFO - __init__ - Cluster model loaded
2022-07-28 23:34:27,019 - INFO - cluster_predict - Predicting cluster for data
2022-07-28 23:34:27,163 - INFO - cluster_predict - Predicted cluster is [1]
2022-07-28 23:40:27,134 - INFO - __init__ - loading model from C:\Purchasing capabilty\Notebook\saved_models\cluster_models.pkl
2022-07-28 23:40:27,383 - INFO - __init__ - Cluster model loaded
2022-07-28 23:40:30,409 - INFO - __init__ - loading model from C:\Purchasing capabilty\Notebook\saved_models\cluster_models.pkl
2022-07-28 23:40:30,717 - INFO - __init__ - Cluster model loaded
2022-07-28 23:41:20,352 - INFO - cluster_predict - Predicting cluster for data
2022-07-28 23:41:20,505 - INFO - cluster_predict - Predicted cluster is [0]
2022-07-28 23:41:37,045 - INFO - __init__ - loading model from C:\Purchasing capabilty\Notebook\saved_models\cluster_models.pkl
2022-07-28 23:41:37,190 - INFO - __init__ - Cluster model loaded
2022-07-28 23:41:39,098 - INFO - __init__ - loading model from C:\Purchasing capabilty\Notebook\saved_models\cluster_models.pkl
2022-07-28 23:41:39,232 - INFO - __init__ - Cluster model loaded
2022-07-28 23:42:33,169 - INFO - cluster_predict - Predicting cluster for data
2022-07-28 23:42:33,324 - INFO - cluster_predict - Predicted cluster is [2]
2022-07-29 00:05:56,018 - INFO - __init__ - loading model from C:\Purchasing capabilty\Notebook\saved_models\cluster_models.pkl
2022-07-29 00:05:56,192 - INFO - __init__ - Cluster model loaded
2022-07-29 00:05:58,337 - INFO - __init__ - loading model from C:\Purchasing capabilty\Notebook\saved_models\cluster_models.pkl
2022-07-29 00:05:58,496 - INFO - __init__ - Cluster model loaded
2022-07-29 00:06:50,434 - INFO - cluster_predict - Predicting cluster for data
2022-07-29 00:06:50,590 - INFO - cluster_predict - Predicted cluster is [0]
2022-07-31 15:08:08,553 - INFO - __init__ - loading model from C:\Purchasing capabilty\Notebook\saved_models\cluster_models.pkl
2022-07-31 15:08:09,583 - INFO - __init__ - Cluster model loaded
2022-07-31 20:51:45,297 - INFO - __init__ - loading model from C:\Purchasing capabilty\Notebook\saved_models\cluster_models.pkl
2022-07-31 20:51:45,651 - INFO - __init__ - Cluster model loaded
2022-07-31 22:15:50,749 - INFO - __init__ - loading model from C:\Purchasing capabilty\saved_models\cluster_models.pkl
2022-07-31 22:15:50,999 - INFO - __init__ - Cluster model loaded
2022-07-31 23:22:10,478 - INFO - __init__ - loading model from C:\Purchasing capabilty\saved_models\cluster_models.pkl
2022-07-31 23:22:10,737 - INFO - __init__ - Cluster model loaded
2022-07-31 23:22:12,953 - INFO - __init__ - loading model from C:\Purchasing capabilty\saved_models\cluster_models.pkl
2022-07-31 23:22:13,116 - INFO - __init__ - Cluster model loaded
2022-08-01 00:06:54,248 - INFO - __init__ - loading model from C:\Purchasing capabilty\saved_models\cluster_models.pkl
2022-08-01 00:06:54,413 - INFO - __init__ - Cluster model loaded
2022-08-01 00:06:56,485 - INFO - __init__ - loading model from C:\Purchasing capabilty\saved_models\cluster_models.pkl
2022-08-01 00:06:56,651 - INFO - __init__ - Cluster model loaded
2022-08-01 00:07:52,155 - INFO - cluster_predict - Predicting cluster for data
2022-08-01 00:07:52,341 - INFO - cluster_predict - Predicted cluster is [0]
2022-08-01 22:18:43,302 - INFO - __init__ - loading model from Purchasing capabilty\saved_models\cluster_models.pkl
2022-08-01 22:18:43,302 - ERROR - __init__ - error occured while loading model
2022-08-01 22:18:43,302 - ERROR - __init__ - [Errno 2] No such file or directory: 'Purchasing capabilty\\saved_models\\cluster_models.pkl'
2022-08-01 22:18:44,686 - INFO - __init__ - loading model from Purchasing capabilty\saved_models\cluster_models.pkl
2022-08-01 22:18:44,686 - ERROR - __init__ - error occured while loading model
2022-08-01 22:18:44,686 - ERROR - __init__ - [Errno 2] No such file or directory: 'Purchasing capabilty\\saved_models\\cluster_models.pkl'
2022-08-01 22:19:35,436 - INFO - cluster_predict - Predicting cluster for data
2022-08-01 22:19:35,436 - ERROR - cluster_predict - Error occured while predicting cluster
2022-08-01 22:19:35,436 - ERROR - cluster_predict - 'Predict' object has no attribute 'cluster_model'
2022-08-01 22:26:26,207 - INFO - __init__ - loading model from \saved_models\cluster_models.pkl
2022-08-01 22:26:26,207 - ERROR - __init__ - error occured while loading model
2022-08-01 22:26:26,207 - ERROR - __init__ - [Errno 2] No such file or directory: '\\saved_models\\cluster_models.pkl'
2022-08-01 22:26:30,508 - INFO - __init__ - loading model from \saved_models\cluster_models.pkl
2022-08-01 22:26:30,508 - ERROR - __init__ - error occured while loading model
2022-08-01 22:26:30,508 - ERROR - __init__ - [Errno 2] No such file or directory: '\\saved_models\\cluster_models.pkl'
2022-08-01 22:26:31,971 - INFO - __init__ - loading model from \saved_models\cluster_models.pkl
2022-08-01 22:26:31,971 - ERROR - __init__ - error occured while loading model
2022-08-01 22:26:31,971 - ERROR - __init__ - [Errno 2] No such file or directory: '\\saved_models\\cluster_models.pkl'
2022-08-01 22:27:13,488 - INFO - cluster_predict - Predicting cluster for data
2022-08-01 22:27:13,488 - ERROR - cluster_predict - Error occured while predicting cluster
2022-08-01 22:27:13,489 - ERROR - cluster_predict - 'Predict' object has no attribute 'cluster_model'
2022-08-01 22:31:35,535 - INFO - __init__ - loading model from .\saved_models\cluster_models.pkl
2022-08-01 22:31:36,455 - INFO - __init__ - Cluster model loaded
2022-08-01 22:31:38,677 - INFO - __init__ - loading model from .\saved_models\cluster_models.pkl
2022-08-01 22:31:38,862 - INFO - __init__ - Cluster model loaded
2022-08-01 22:32:12,008 - INFO - cluster_predict - Predicting cluster for data
2022-08-01 22:32:12,188 - INFO - cluster_predict - Predicted cluster is [0]
