2022-07-26 22:09:57,591 - INFO - __init__ - Initialising scaling class
2022-07-26 22:09:57,592 - INFO - __init__ - Loading scaler model
2022-07-26 22:10:00,818 - INFO - __init__ - scaler model loaded successfully
2022-07-26 22:26:30,300 - INFO - __init__ - Initialising scaling class
2022-07-26 22:26:30,300 - INFO - __init__ - Loading scaler model
2022-07-26 22:26:30,942 - INFO - __init__ - scaler model loaded successfully
2022-07-26 22:26:32,403 - INFO - __init__ - Initialising scaling class
2022-07-26 22:26:32,403 - INFO - __init__ - Loading scaler model
2022-07-26 22:26:33,024 - INFO - __init__ - scaler model loaded successfully
2022-07-26 22:30:35,658 - INFO - __init__ - Initialising scaling class
2022-07-26 22:30:35,658 - INFO - __init__ - Loading scaler model
2022-07-26 22:30:36,283 - INFO - __init__ - scaler model loaded successfully
2022-07-26 22:30:38,000 - INFO - __init__ - Initialising scaling class
2022-07-26 22:30:38,000 - INFO - __init__ - Loading scaler model
2022-07-26 22:30:38,672 - INFO - __init__ - scaler model loaded successfully
2022-07-27 01:50:42,303 - INFO - __init__ - Initialising scaling class
2022-07-27 01:50:42,303 - INFO - __init__ - Loading scaler model
2022-07-27 01:50:43,200 - INFO - __init__ - scaler model loaded successfully
2022-07-27 01:50:44,952 - INFO - __init__ - Initialising scaling class
2022-07-27 01:50:44,952 - INFO - __init__ - Loading scaler model
2022-07-27 01:50:45,704 - INFO - __init__ - scaler model loaded successfully
2022-07-27 01:53:50,640 - INFO - scale_data - data is valid
2022-07-27 01:53:50,640 - INFO - scale_data - scaling the data
2022-07-27 01:53:50,641 - INFO - scale_data - Scaling of numpy array done 
2022-07-27 01:59:44,228 - INFO - __init__ - Initialising scaling class
2022-07-27 01:59:44,228 - INFO - __init__ - Loading scaler model
2022-07-27 01:59:45,085 - INFO - __init__ - scaler model loaded successfully
2022-07-27 01:59:46,898 - INFO - __init__ - Initialising scaling class
2022-07-27 01:59:46,898 - INFO - __init__ - Loading scaler model
2022-07-27 01:59:47,991 - INFO - __init__ - scaler model loaded successfully
2022-07-27 02:01:17,637 - INFO - scale_data - data is valid
2022-07-27 02:01:17,637 - INFO - scale_data - scaling the data
2022-07-27 02:01:17,637 - INFO - scale_data - Scaling of numpy array done 
2022-07-27 02:07:58,865 - INFO - __init__ - Initialising scaling class
2022-07-27 02:07:58,865 - INFO - __init__ - Loading scaler model
2022-07-27 02:07:59,683 - INFO - __init__ - scaler model loaded successfully
2022-07-27 02:08:21,116 - INFO - __init__ - Initialising scaling class
2022-07-27 02:08:21,117 - INFO - __init__ - Loading scaler model
2022-07-27 02:08:21,889 - INFO - __init__ - scaler model loaded successfully
2022-07-27 02:08:23,615 - INFO - __init__ - Initialising scaling class
2022-07-27 02:08:23,615 - INFO - __init__ - Loading scaler model
2022-07-27 02:08:24,489 - INFO - __init__ - scaler model loaded successfully
2022-07-27 02:08:42,522 - INFO - __init__ - Initialising scaling class
2022-07-27 02:08:42,522 - INFO - __init__ - Loading scaler model
2022-07-27 02:08:43,176 - INFO - __init__ - scaler model loaded successfully
2022-07-27 02:08:44,816 - INFO - __init__ - Initialising scaling class
2022-07-27 02:08:44,817 - INFO - __init__ - Loading scaler model
2022-07-27 02:08:45,532 - INFO - __init__ - scaler model loaded successfully
2022-07-27 02:10:03,537 - INFO - scale_data - data is valid
2022-07-27 02:10:03,537 - INFO - scale_data - scaling the data
2022-07-27 02:10:03,537 - INFO - scale_data - Scaling of numpy array done 
2022-07-28 22:47:50,754 - INFO - __init__ - Initialising scaling class
2022-07-28 22:47:50,756 - INFO - __init__ - Loading scaler model
2022-07-28 22:47:54,389 - INFO - __init__ - scaler model loaded successfully
2022-07-28 22:47:57,137 - INFO - __init__ - Initialising scaling class
2022-07-28 22:47:57,137 - INFO - __init__ - Loading scaler model
2022-07-28 22:47:57,866 - INFO - __init__ - scaler model loaded successfully
2022-07-28 22:49:18,330 - INFO - scale_data - data is valid
2022-07-28 22:49:18,330 - INFO - scale_data - scaling the data
2022-07-28 22:49:18,331 - INFO - scale_data - Scaling of numpy array done 
2022-07-28 22:59:08,272 - INFO - __init__ - Initialising scaling class
2022-07-28 22:59:08,272 - INFO - __init__ - Loading scaler model
2022-07-28 22:59:09,073 - INFO - __init__ - scaler model loaded successfully
2022-07-28 22:59:10,680 - INFO - __init__ - Initialising scaling class
2022-07-28 22:59:10,680 - INFO - __init__ - Loading scaler model
2022-07-28 22:59:11,390 - INFO - __init__ - scaler model loaded successfully
2022-07-28 23:00:19,432 - INFO - scale_data - data is valid
2022-07-28 23:00:19,433 - INFO - scale_data - scaling the data
2022-07-28 23:00:19,433 - INFO - scale_data - Scaling of numpy array done 
2022-07-28 23:32:57,697 - INFO - __init__ - Initialising scaling class
2022-07-28 23:32:57,697 - INFO - __init__ - Loading scaler model
2022-07-28 23:32:59,452 - INFO - __init__ - scaler model loaded successfully
2022-07-28 23:33:02,032 - INFO - __init__ - Initialising scaling class
2022-07-28 23:33:02,032 - INFO - __init__ - Loading scaler model
2022-07-28 23:33:04,764 - INFO - __init__ - scaler model loaded successfully
2022-07-28 23:34:27,018 - INFO - scale_data - data is valid
2022-07-28 23:34:27,018 - INFO - scale_data - scaling the data
2022-07-28 23:34:27,018 - INFO - scale_data - Scaling of numpy array done 
2022-07-28 23:40:26,113 - INFO - __init__ - Initialising scaling class
2022-07-28 23:40:26,114 - INFO - __init__ - Loading scaler model
2022-07-28 23:40:27,134 - INFO - __init__ - scaler model loaded successfully
2022-07-28 23:40:29,048 - INFO - __init__ - Initialising scaling class
2022-07-28 23:40:29,048 - INFO - __init__ - Loading scaler model
2022-07-28 23:40:30,409 - INFO - __init__ - scaler model loaded successfully
2022-07-28 23:41:20,350 - INFO - scale_data - data is valid
2022-07-28 23:41:20,350 - INFO - scale_data - scaling the data
2022-07-28 23:41:20,351 - INFO - scale_data - Scaling of numpy array done 
2022-07-28 23:41:36,359 - INFO - __init__ - Initialising scaling class
2022-07-28 23:41:36,359 - INFO - __init__ - Loading scaler model
2022-07-28 23:41:37,045 - INFO - __init__ - scaler model loaded successfully
2022-07-28 23:41:38,496 - INFO - __init__ - Initialising scaling class
2022-07-28 23:41:38,496 - INFO - __init__ - Loading scaler model
2022-07-28 23:41:39,098 - INFO - __init__ - scaler model loaded successfully
2022-07-28 23:42:33,167 - INFO - scale_data - data is valid
2022-07-28 23:42:33,168 - INFO - scale_data - scaling the data
2022-07-28 23:42:33,168 - INFO - scale_data - Scaling of numpy array done 
2022-07-29 00:05:55,348 - INFO - __init__ - Initialising scaling class
2022-07-29 00:05:55,348 - INFO - __init__ - Loading scaler model
2022-07-29 00:05:56,018 - INFO - __init__ - scaler model loaded successfully
2022-07-29 00:05:57,666 - INFO - __init__ - Initialising scaling class
2022-07-29 00:05:57,666 - INFO - __init__ - Loading scaler model
2022-07-29 00:05:58,336 - INFO - __init__ - scaler model loaded successfully
2022-07-29 00:06:50,433 - INFO - scale_data - data is valid
2022-07-29 00:06:50,433 - INFO - scale_data - scaling the data
2022-07-29 00:06:50,433 - INFO - scale_data - Scaling of numpy array done 
2022-07-31 15:08:04,236 - INFO - __init__ - Initialising scaling class
2022-07-31 15:08:04,236 - INFO - __init__ - Loading scaler model
2022-07-31 15:08:08,553 - INFO - __init__ - scaler model loaded successfully
2022-07-31 20:51:43,980 - INFO - __init__ - Initialising scaling class
2022-07-31 20:51:43,980 - INFO - __init__ - Loading scaler model
2022-07-31 20:51:45,297 - INFO - __init__ - scaler model loaded successfully
2022-07-31 22:15:50,049 - INFO - __init__ - Initialising scaling class
2022-07-31 22:15:50,050 - INFO - __init__ - Loading scaler model
2022-07-31 22:15:50,749 - INFO - __init__ - scaler model loaded successfully
2022-07-31 23:22:09,411 - INFO - __init__ - Initialising scaling class
2022-07-31 23:22:09,411 - INFO - __init__ - Loading scaler model
2022-07-31 23:22:10,478 - INFO - __init__ - scaler model loaded successfully
2022-07-31 23:22:12,083 - INFO - __init__ - Initialising scaling class
2022-07-31 23:22:12,084 - INFO - __init__ - Loading scaler model
2022-07-31 23:22:12,952 - INFO - __init__ - scaler model loaded successfully
2022-08-01 00:06:53,580 - INFO - __init__ - Initialising scaling class
2022-08-01 00:06:53,580 - INFO - __init__ - Loading scaler model
2022-08-01 00:06:54,247 - INFO - __init__ - scaler model loaded successfully
2022-08-01 00:06:55,770 - INFO - __init__ - Initialising scaling class
2022-08-01 00:06:55,770 - INFO - __init__ - Loading scaler model
2022-08-01 00:06:56,485 - INFO - __init__ - scaler model loaded successfully
2022-08-01 00:07:52,153 - INFO - scale_data - data is valid
2022-08-01 00:07:52,153 - INFO - scale_data - scaling the data
2022-08-01 00:07:52,155 - INFO - scale_data - Scaling of numpy array done 
2022-08-01 22:18:43,301 - INFO - __init__ - Initialising scaling class
2022-08-01 22:18:43,301 - INFO - __init__ - Loading scaler model
2022-08-01 22:18:43,302 - ERROR - __init__ - Error in initialising scaler class
2022-08-01 22:18:43,302 - ERROR - __init__ - [Errno 2] No such file or directory: 'Purchasing capabilty\\saved_models\\scaler.pkl'
2022-08-01 22:18:44,686 - INFO - __init__ - Initialising scaling class
2022-08-01 22:18:44,686 - INFO - __init__ - Loading scaler model
2022-08-01 22:18:44,686 - ERROR - __init__ - Error in initialising scaler class
2022-08-01 22:18:44,686 - ERROR - __init__ - [Errno 2] No such file or directory: 'Purchasing capabilty\\saved_models\\scaler.pkl'
2022-08-01 22:19:35,435 - INFO - scale_data - data is valid
2022-08-01 22:19:35,435 - INFO - scale_data - scaling the data
2022-08-01 22:19:35,435 - ERROR - scale_data - Error in scaling numpy array
2022-08-01 22:19:35,435 - ERROR - scale_data - 'Scaler' object has no attribute 'scalemodel'
2022-08-01 22:26:26,206 - INFO - __init__ - Initialising scaling class
2022-08-01 22:26:26,206 - INFO - __init__ - Loading scaler model
2022-08-01 22:26:26,207 - ERROR - __init__ - Error in initialising scaler class
2022-08-01 22:26:26,207 - ERROR - __init__ - [Errno 2] No such file or directory: '\\saved_models\\scaler.pkl'
2022-08-01 22:26:30,507 - INFO - __init__ - Initialising scaling class
2022-08-01 22:26:30,507 - INFO - __init__ - Loading scaler model
2022-08-01 22:26:30,508 - ERROR - __init__ - Error in initialising scaler class
2022-08-01 22:26:30,508 - ERROR - __init__ - [Errno 2] No such file or directory: '\\saved_models\\scaler.pkl'
2022-08-01 22:26:31,970 - INFO - __init__ - Initialising scaling class
2022-08-01 22:26:31,970 - INFO - __init__ - Loading scaler model
2022-08-01 22:26:31,970 - ERROR - __init__ - Error in initialising scaler class
2022-08-01 22:26:31,970 - ERROR - __init__ - [Errno 2] No such file or directory: '\\saved_models\\scaler.pkl'
2022-08-01 22:27:13,486 - INFO - scale_data - data is valid
2022-08-01 22:27:13,487 - INFO - scale_data - scaling the data
2022-08-01 22:27:13,487 - ERROR - scale_data - Error in scaling numpy array
2022-08-01 22:27:13,488 - ERROR - scale_data - 'Scaler' object has no attribute 'scalemodel'
2022-08-01 22:31:31,764 - INFO - __init__ - Initialising scaling class
2022-08-01 22:31:31,764 - INFO - __init__ - Loading scaler model
2022-08-01 22:31:35,534 - INFO - __init__ - scaler model loaded successfully
2022-08-01 22:31:37,962 - INFO - __init__ - Initialising scaling class
2022-08-01 22:31:37,962 - INFO - __init__ - Loading scaler model
2022-08-01 22:31:38,677 - INFO - __init__ - scaler model loaded successfully
2022-08-01 22:32:12,007 - INFO - scale_data - data is valid
2022-08-01 22:32:12,007 - INFO - scale_data - scaling the data
2022-08-01 22:32:12,008 - INFO - scale_data - Scaling of numpy array done 
